[1115/224734.419:INFO:CONSOLE(21172)] "THREE.WebGLRenderer 92", source: file:///C:/Program%20Files/AnyLogic%208.9%20Personal%20Learning%20Edition/plugins/com.anylogic.graphics3d_8.9.2.202410172112/static/build/three.js (21172)
[1115/224734.995:INFO:CONSOLE(3660)] "THREE.ColladaLoader: File version 1.4.0", source: file:///C:/Program%20Files/AnyLogic%208.9%20Personal%20Learning%20Edition/plugins/com.anylogic.graphics3d_8.9.2.202410172112/static/libs/ColladaLoader.js (3660)
[1115/224735.032:INFO:CONSOLE(255)] "Loaded: file:C:/Users/HP/Documents/8VO SEMESTRE/SIMULACIÓN/Airport/3d/person.dae", source: file:///C:/Program%20Files/AnyLogic%208.9%20Personal%20Learning%20Edition/plugins/com.anylogic.graphics3d_8.9.2.202410172112/static/init.js (255)
[1115/224735.033:INFO:CONSOLE(271)] "load end: file:C:/Users/HP/Documents/8VO SEMESTRE/SIMULACIÓN/Airport/3d/person.dae", source: file:///C:/Program%20Files/AnyLogic%208.9%20Personal%20Learning%20Edition/plugins/com.anylogic.graphics3d_8.9.2.202410172112/static/init.js (271)
[1115/224932.417:ERROR:gpu_init.cc(523)] Passthrough is not supported, GL is disabled, ANGLE is 
[1115/225052.127:INFO:CONSOLE(3660)] "THREE.ColladaLoader: File version 1.4.0", source: file:///C:/Program%20Files/AnyLogic%208.9%20Personal%20Learning%20Edition/plugins/com.anylogic.graphics3d_8.9.2.202410172112/static/libs/ColladaLoader.js (3660)
[1115/225052.153:INFO:CONSOLE(255)] "Loaded: file:C:/Users/HP/Documents/8VO SEMESTRE/SIMULACIÓN/Airport/3d/xray.dae", source: file:///C:/Program%20Files/AnyLogic%208.9%20Personal%20Learning%20Edition/plugins/com.anylogic.graphics3d_8.9.2.202410172112/static/init.js (255)
[1115/225052.156:INFO:CONSOLE(271)] "load end: file:C:/Users/HP/Documents/8VO SEMESTRE/SIMULACIÓN/Airport/3d/xray.dae", source: file:///C:/Program%20Files/AnyLogic%208.9%20Personal%20Learning%20Edition/plugins/com.anylogic.graphics3d_8.9.2.202410172112/static/init.js (271)
[1115/225052.256:INFO:CONSOLE(19709)] "THREE.WebGLRenderer: image is not power of two (400x400). Resized to 256x256 [object HTMLImageElement]", source: file:///C:/Program%20Files/AnyLogic%208.9%20Personal%20Learning%20Edition/plugins/com.anylogic.graphics3d_8.9.2.202410172112/static/build/three.js (19709)
[1115/225210.831:INFO:CONSOLE(3660)] "THREE.ColladaLoader: File version 1.4.0", source: file:///C:/Program%20Files/AnyLogic%208.9%20Personal%20Learning%20Edition/plugins/com.anylogic.graphics3d_8.9.2.202410172112/static/libs/ColladaLoader.js (3660)
[1115/225210.835:INFO:CONSOLE(255)] "Loaded: file:C:/Users/HP/Documents/8VO SEMESTRE/SIMULACIÓN/Airport/3d/detector.dae", source: file:///C:/Program%20Files/AnyLogic%208.9%20Personal%20Learning%20Edition/plugins/com.anylogic.graphics3d_8.9.2.202410172112/static/init.js (255)
[1115/225210.837:INFO:CONSOLE(271)] "load end: file:C:/Users/HP/Documents/8VO SEMESTRE/SIMULACIÓN/Airport/3d/detector.dae", source: file:///C:/Program%20Files/AnyLogic%208.9%20Personal%20Learning%20Edition/plugins/com.anylogic.graphics3d_8.9.2.202410172112/static/init.js (271)
[1115/230840.063:INFO:CONSOLE(21172)] "THREE.WebGLRenderer 92", source: file:///C:/Program%20Files/AnyLogic%208.9%20Personal%20Learning%20Edition/plugins/com.anylogic.graphics3d_8.9.2.202410172112/static/build/three.js (21172)
[1115/230840.984:INFO:CONSOLE(3660)] "THREE.ColladaLoader: File version 1.4.0", source: file:///C:/Program%20Files/AnyLogic%208.9%20Personal%20Learning%20Edition/plugins/com.anylogic.graphics3d_8.9.2.202410172112/static/libs/ColladaLoader.js (3660)
[1115/230841.006:INFO:CONSOLE(255)] "Loaded: file:C:/Users/HP/Documents/8VO SEMESTRE/SIMULACIÓN/Airport/3d/officeworker.dae", source: file:///C:/Program%20Files/AnyLogic%208.9%20Personal%20Learning%20Edition/plugins/com.anylogic.graphics3d_8.9.2.202410172112/static/init.js (255)
[1115/230841.006:INFO:CONSOLE(271)] "load end: file:C:/Users/HP/Documents/8VO SEMESTRE/SIMULACIÓN/Airport/3d/officeworker.dae", source: file:///C:/Program%20Files/AnyLogic%208.9%20Personal%20Learning%20Edition/plugins/com.anylogic.graphics3d_8.9.2.202410172112/static/init.js (271)
[1115/231038.606:ERROR:gpu_init.cc(523)] Passthrough is not supported, GL is disabled, ANGLE is 
[1115/231112.221:INFO:CONSOLE(3660)] "THREE.ColladaLoader: File version 1.4.1", source: file:///C:/Program%20Files/AnyLogic%208.9%20Personal%20Learning%20Edition/plugins/com.anylogic.graphics3d_8.9.2.202410172112/static/libs/ColladaLoader.js (3660)
[1115/231112.240:INFO:CONSOLE(255)] "Loaded: file:C:/Users/HP/Documents/8VO SEMESTRE/SIMULACIÓN/Airport/3d/check_in_counter.dae", source: file:///C:/Program%20Files/AnyLogic%208.9%20Personal%20Learning%20Edition/plugins/com.anylogic.graphics3d_8.9.2.202410172112/static/init.js (255)
[1115/231112.240:INFO:CONSOLE(271)] "load end: file:C:/Users/HP/Documents/8VO SEMESTRE/SIMULACIÓN/Airport/3d/check_in_counter.dae", source: file:///C:/Program%20Files/AnyLogic%208.9%20Personal%20Learning%20Edition/plugins/com.anylogic.graphics3d_8.9.2.202410172112/static/init.js (271)
